[DEBUG][21-04-06][org.apache.ibatis.logging.LogFactory]Logging initialized using 'class org.apache.ibatis.logging.log4j.Log4jImpl' adapter.
[DEBUG][21-04-06][org.apache.ibatis.logging.LogFactory]Logging initialized using 'class org.apache.ibatis.logging.log4j.Log4jImpl' adapter.
[DEBUG][21-04-06][org.apache.ibatis.logging.LogFactory]Logging initialized using 'class org.apache.ibatis.logging.log4j.Log4jImpl' adapter.
[DEBUG][21-04-06][org.apache.ibatis.datasource.pooled.PooledDataSource]PooledDataSource forcefully closed/removed all connections.
[DEBUG][21-04-06][org.apache.ibatis.datasource.pooled.PooledDataSource]PooledDataSource forcefully closed/removed all connections.
[DEBUG][21-04-06][org.apache.ibatis.datasource.pooled.PooledDataSource]PooledDataSource forcefully closed/removed all connections.
[DEBUG][21-04-06][org.apache.ibatis.datasource.pooled.PooledDataSource]PooledDataSource forcefully closed/removed all connections.
[DEBUG][21-04-06][org.apache.ibatis.transaction.jdbc.JdbcTransaction]Opening JDBC Connection
[DEBUG][21-04-06][org.apache.ibatis.datasource.pooled.PooledDataSource]Created connection 542365801.
[DEBUG][21-04-06][org.apache.ibatis.transaction.jdbc.JdbcTransaction]Setting autocommit to false on JDBC Connection [com.mysql.cj.jdbc.ConnectionImpl@2053d869]
[DEBUG][21-04-06][com.ssm.mapper.UserMapper.getUserById]==>  Preparing: select * from sql_mybatis.user where id=1; 
[DEBUG][21-04-06][com.ssm.mapper.UserMapper.getUserById]==> Parameters: 
[DEBUG][21-04-06][com.ssm.mapper.UserMapper.getUserById]<==      Total: 1
[DEBUG][21-04-06][org.apache.ibatis.transaction.jdbc.JdbcTransaction]Resetting autocommit to true on JDBC Connection [com.mysql.cj.jdbc.ConnectionImpl@2053d869]
[DEBUG][21-04-06][org.apache.ibatis.transaction.jdbc.JdbcTransaction]Closing JDBC Connection [com.mysql.cj.jdbc.ConnectionImpl@2053d869]
[DEBUG][21-04-06][org.apache.ibatis.datasource.pooled.PooledDataSource]Returned connection 542365801 to pool.
[INFO][21-04-06][com.ssm.mapper.UserMapperTest]info:进入sl4j
[DEBUG][21-04-06][com.ssm.mapper.UserMapperTest]debug:进入sl4j
[ERROR][21-04-06][com.ssm.mapper.UserMapperTest]error:进入sl4j
[DEBUG][21-04-06][org.apache.ibatis.logging.LogFactory]Logging initialized using 'class org.apache.ibatis.logging.log4j.Log4jImpl' adapter.
[DEBUG][21-04-06][org.apache.ibatis.logging.LogFactory]Logging initialized using 'class org.apache.ibatis.logging.log4j.Log4jImpl' adapter.
[DEBUG][21-04-06][org.apache.ibatis.datasource.pooled.PooledDataSource]PooledDataSource forcefully closed/removed all connections.
[DEBUG][21-04-06][org.apache.ibatis.datasource.pooled.PooledDataSource]PooledDataSource forcefully closed/removed all connections.
[DEBUG][21-04-06][org.apache.ibatis.datasource.pooled.PooledDataSource]PooledDataSource forcefully closed/removed all connections.
[DEBUG][21-04-06][org.apache.ibatis.datasource.pooled.PooledDataSource]PooledDataSource forcefully closed/removed all connections.
[DEBUG][21-04-06][org.apache.ibatis.transaction.jdbc.JdbcTransaction]Opening JDBC Connection
[DEBUG][21-04-06][org.apache.ibatis.datasource.pooled.PooledDataSource]Created connection 542365801.
[DEBUG][21-04-06][org.apache.ibatis.transaction.jdbc.JdbcTransaction]Setting autocommit to false on JDBC Connection [com.mysql.cj.jdbc.ConnectionImpl@2053d869]
[DEBUG][21-04-06][com.ssm.mapper.UserMapper.getUserById]==>  Preparing: select * from sql_mybatis.user where id=1; 
[DEBUG][21-04-06][com.ssm.mapper.UserMapper.getUserById]==> Parameters: 
[DEBUG][21-04-06][com.ssm.mapper.UserMapper.getUserById]<==      Total: 1
[INFO][21-04-06][com.ssm.mapper.UserMapperTest]GetUserById方法调用成功
[DEBUG][21-04-06][org.apache.ibatis.transaction.jdbc.JdbcTransaction]Resetting autocommit to true on JDBC Connection [com.mysql.cj.jdbc.ConnectionImpl@2053d869]
[DEBUG][21-04-06][org.apache.ibatis.transaction.jdbc.JdbcTransaction]Closing JDBC Connection [com.mysql.cj.jdbc.ConnectionImpl@2053d869]
[DEBUG][21-04-06][org.apache.ibatis.datasource.pooled.PooledDataSource]Returned connection 542365801 to pool.
